<?xml version="1.0" encoding="utf-8"?><testsuites name="pytest tests"><testsuite name="pytest" errors="0" failures="0" skipped="0" tests="11" time="1.713" timestamp="2026-01-13T06:03:14.093083+00:00" hostname="agent-env-17dca885-9c42-4629-ab23-674af05cf540"><testcase classname="tests.test_rental_approval.TestRentalApprovalBackend" name="test_01_provider_login" time="0.290" /><testcase classname="tests.test_rental_approval.TestRentalApprovalBackend" name="test_02_create_rental_with_pending_status" time="0.273" /><testcase classname="tests.test_rental_approval.TestRentalApprovalBackend" name="test_03_public_rentals_excludes_pending" time="0.039" /><testcase classname="tests.test_rental_approval.TestRentalApprovalBackend" name="test_04_provider_sees_own_pending_rentals" time="0.279" /><testcase classname="tests.test_rental_approval.TestRentalApprovalBackend" name="test_05_admin_gets_all_rentals" time="0.037" /><testcase classname="tests.test_rental_approval.TestRentalApprovalBackend" name="test_06_admin_gets_pending_rentals" time="0.034" /><testcase classname="tests.test_rental_approval.TestRentalApprovalBackend" name="test_07_admin_approve_rental" time="0.096" /><testcase classname="tests.test_rental_approval.TestRentalApprovalBackend" name="test_08_approved_rental_in_public_list" time="0.036" /><testcase classname="tests.test_rental_approval.TestRentalApprovalBackend" name="test_09_admin_reject_rental" time="0.375" /><testcase classname="tests.test_rental_approval.TestRentalApprovalBackend" name="test_10_rejected_rental_not_in_public_list" time="0.042" /><testcase classname="tests.test_rental_approval.TestRentalApprovalBackend" name="test_11_cleanup_test_rentals" time="0.110" /></testsuite></testsuites>