<?xml version="1.0" encoding="utf-8"?><testsuites name="pytest tests"><testsuite name="pytest" errors="0" failures="0" skipped="0" tests="28" time="13.527" timestamp="2026-05-25T02:27:41.712986+00:00" hostname="agent-env-88b03404-58f2-4c94-80f9-9939fdfb78fb"><testcase classname="backend.tests.test_interim_phase2.TestAvailability" name="test_get_mine_empty_initially" time="1.423" /><testcase classname="backend.tests.test_interim_phase2.TestAvailability" name="test_put_availability" time="0.216" /><testcase classname="backend.tests.test_interim_phase2.TestAvailability" name="test_put_availability_bad_payload" time="0.137" /><testcase classname="backend.tests.test_interim_phase2.TestAvailability" name="test_get_mine_returns_saved_dates" time="0.243" /><testcase classname="backend.tests.test_interim_phase2.TestAvailability" name="test_company_can_view_provider_availability" time="0.643" /><testcase classname="backend.tests.test_interim_phase2.TestAvailability" name="test_mission_busy_dates_populated" time="0.846" /><testcase classname="backend.tests.test_interim_phase2.TestAvailability" name="test_public_availability_requires_company_auth" time="0.127" /><testcase classname="backend.tests.test_interim_phase2.TestTimesheets" name="test_submit_timesheet_requires_accepted" time="0.720" /><testcase classname="backend.tests.test_interim_phase2.TestTimesheets" name="test_submit_timesheet_invalid_days" time="0.234" /><testcase classname="backend.tests.test_interim_phase2.TestTimesheets" name="test_submit_timesheet_ok" time="0.385" /><testcase classname="backend.tests.test_interim_phase2.TestTimesheets" name="test_resubmit_pending_updates_in_place" time="0.770" /><testcase classname="backend.tests.test_interim_phase2.TestTimesheets" name="test_provider_lists_own_timesheets" time="0.582" /><testcase classname="backend.tests.test_interim_phase2.TestTimesheets" name="test_company_lists_received_timesheets" time="0.584" /><testcase classname="backend.tests.test_interim_phase2.TestTimesheets" name="test_company_validate_then_resubmit_rejected_400" time="0.835" /><testcase classname="backend.tests.test_interim_phase2.TestTimesheets" name="test_company_reject_with_reason" time="0.621" /><testcase classname="backend.tests.test_interim_phase2.TestInvoice" name="test_invoice_with_provider_token" time="0.278" /><testcase classname="backend.tests.test_interim_phase2.TestInvoice" name="test_invoice_with_company_token" time="0.323" /><testcase classname="backend.tests.test_interim_phase2.TestInvoice" name="test_invoice_rejects_invalid_token" time="0.142" /><testcase classname="backend.tests.test_interim_phase2.TestInvoice" name="test_invoice_rejects_missing_token" time="0.150" /><testcase classname="backend.tests.test_interim_phase2.TestRatings" name="test_invalid_stars" time="0.330" /><testcase classname="backend.tests.test_interim_phase2.TestRatings" name="test_company_rates_provider" time="0.329" /><testcase classname="backend.tests.test_interim_phase2.TestRatings" name="test_company_re_rate_updates_existing" time="0.599" /><testcase classname="backend.tests.test_interim_phase2.TestRatings" name="test_provider_rates_company" time="0.312" /><testcase classname="backend.tests.test_interim_phase2.TestRatings" name="test_provider_rate_invalid_stars" time="0.186" /><testcase classname="backend.tests.test_interim_phase2.TestRatings" name="test_non_accepted_provider_cannot_rate" time="0.227" /><testcase classname="backend.tests.test_interim_phase2.TestRatings" name="test_summary_endpoints" time="0.848" /><testcase classname="backend.tests.test_interim_phase2.TestRatings" name="test_rating_requires_completed_mission" time="0.243" /><testcase classname="backend.tests.test_interim_phase2.TestRatings" name="test_end_to_end_bidirectional" time="1.007" /></testsuite></testsuites>