<?xml version="1.0" encoding="utf-8"?><testsuites name="pytest tests"><testsuite name="pytest" errors="0" failures="1" skipped="0" tests="16" time="1.785" timestamp="2026-01-19T05:14:21.772717+00:00" hostname="agent-env-c7c797dd-f3e2-4734-96ce-dafa5eb1c608"><testcase classname="tests.test_property_inquiry_conversation.TestPropertyInquiryConversation" name="test_01_customer_login" time="0.299" /><testcase classname="tests.test_property_inquiry_conversation.TestPropertyInquiryConversation" name="test_02_admin_login" time="0.041" /><testcase classname="tests.test_property_inquiry_conversation.TestPropertyInquiryConversation" name="test_03_get_approved_property_sales" time="0.044" /><testcase classname="tests.test_property_inquiry_conversation.TestPropertyInquiryConversation" name="test_04_inquiry_requires_authentication" time="0.035" /><testcase classname="tests.test_property_inquiry_conversation.TestPropertyInquiryConversation" name="test_05_create_property_inquiry_authenticated" time="0.047" /><testcase classname="tests.test_property_inquiry_conversation.TestPropertyInquiryConversation" name="test_06_customer_can_view_inquiries" time="0.040" /><testcase classname="tests.test_property_inquiry_conversation.TestPropertyInquiryConversation" name="test_07_customer_inquiry_has_correct_fields" time="0.047" /><testcase classname="tests.test_property_inquiry_conversation.TestPropertyInquiryConversation" name="test_08_admin_can_view_all_inquiries" time="0.044" /><testcase classname="tests.test_property_inquiry_conversation.TestPropertyInquiryConversation" name="test_09_admin_can_filter_pending_inquiries" time="0.036" /><testcase classname="tests.test_property_inquiry_conversation.TestPropertyInquiryConversation" name="test_10_admin_can_respond_to_inquiry" time="0.039" /><testcase classname="tests.test_property_inquiry_conversation.TestPropertyInquiryConversation" name="test_11_customer_receives_notification" time="0.541"><failure message="AssertionError: Failed to get notifications: {&quot;detail&quot;:&quot;Not Found&quot;}&#10;assert 404 == 200&#10; +  where 404 = &lt;Response [404]&gt;.status_code">tests/test_property_inquiry_conversation.py:282: in test_11_customer_receives_notification
    assert response.status_code == 200, f"Failed to get notifications: {response.text}"
E   AssertionError: Failed to get notifications: {"detail":"Not Found"}
E   assert 404 == 200
E    +  where 404 = &lt;Response [404]&gt;.status_code</failure></testcase><testcase classname="tests.test_property_inquiry_conversation.TestPropertyInquiryConversation" name="test_12_customer_can_see_admin_response" time="0.038" /><testcase classname="tests.test_property_inquiry_conversation.TestPropertyInquiryConversation" name="test_13_admin_can_mark_inquiry_completed" time="0.040" /><testcase classname="tests.test_property_inquiry_conversation.TestPropertyInquiryConversation" name="test_14_verify_final_inquiry_status" time="0.042" /><testcase classname="tests.test_property_inquiry_conversation.TestPropertyInquiryEdgeCases" name="test_inquiry_with_invalid_property_id" time="0.266" /><testcase classname="tests.test_property_inquiry_conversation.TestPropertyInquiryEdgeCases" name="test_admin_update_invalid_inquiry" time="0.035" /></testsuite></testsuites>