<?xml version="1.0" encoding="utf-8"?><testsuites name="pytest tests"><testsuite name="pytest" errors="0" failures="0" skipped="0" tests="16" time="1.353" timestamp="2026-01-17T19:12:10.465913+00:00" hostname="agent-env-c8111f6c-0905-44c2-a6d6-775e15cbcce1"><testcase classname="tests.test_vehicle_sales.TestVehicleSalesBackend" name="test_01_register_vehicle_provider" time="0.317" /><testcase classname="tests.test_vehicle_sales.TestVehicleSalesBackend" name="test_02_create_vehicle_sale" time="0.044" /><testcase classname="tests.test_vehicle_sales.TestVehicleSalesBackend" name="test_03_get_my_sales" time="0.041" /><testcase classname="tests.test_vehicle_sales.TestVehicleSalesBackend" name="test_04_admin_get_all_sales" time="0.106" /><testcase classname="tests.test_vehicle_sales.TestVehicleSalesBackend" name="test_05_admin_approve_sale" time="0.036" /><testcase classname="tests.test_vehicle_sales.TestVehicleSalesBackend" name="test_06_verify_sale_approved" time="0.034" /><testcase classname="tests.test_vehicle_sales.TestVehicleSalesBackend" name="test_07_approved_sale_in_public_list" time="0.035" /><testcase classname="tests.test_vehicle_sales.TestVehicleSalesBackend" name="test_08_admin_mark_sold" time="0.047" /><testcase classname="tests.test_vehicle_sales.TestVehicleSalesBackend" name="test_09_verify_sale_sold" time="0.037" /><testcase classname="tests.test_vehicle_sales.TestVehicleSalesBackend" name="test_10_sold_not_in_public_list" time="0.037" /><testcase classname="tests.test_vehicle_sales.TestVehicleSalesReject" name="test_01_create_sale_for_rejection" time="0.310" /><testcase classname="tests.test_vehicle_sales.TestVehicleSalesReject" name="test_02_admin_reject_sale" time="0.039" /><testcase classname="tests.test_vehicle_sales.TestVehicleSalesReject" name="test_03_verify_sale_rejected" time="0.040" /><testcase classname="tests.test_vehicle_sales.TestVehicleSalesReject" name="test_04_rejected_not_in_public_list" time="0.037" /><testcase classname="tests.test_vehicle_sales.TestExistingSale" name="test_01_get_existing_sale" time="0.039" /><testcase classname="tests.test_vehicle_sales.TestExistingSale" name="test_02_existing_sale_in_admin_list" time="0.033" /></testsuite></testsuites>