<?xml version="1.0" encoding="utf-8"?><testsuites name="pytest tests"><testsuite name="pytest" errors="0" failures="0" skipped="0" tests="8" time="6.766" timestamp="2026-05-25T03:24:50.256231+00:00" hostname="agent-env-88b03404-58f2-4c94-80f9-9939fdfb78fb"><testcase classname="backend.tests.test_interim_phase3_validations.TestTimesheetFutureDate" name="test_reject_future_date" time="3.093" /><testcase classname="backend.tests.test_interim_phase3_validations.TestTimesheetFutureDate" name="test_accept_today" time="0.323" /><testcase classname="backend.tests.test_interim_phase3_validations.TestTimesheetFutureDate" name="test_accept_past_date" time="0.330" /><testcase classname="backend.tests.test_interim_phase3_validations.TestRejectTimesheetReason" name="test_reject_empty_reason_400" time="0.487" /><testcase classname="backend.tests.test_interim_phase3_validations.TestRejectTimesheetReason" name="test_reject_short_reason_400" time="0.506" /><testcase classname="backend.tests.test_interim_phase3_validations.TestRejectTimesheetReason" name="test_reject_no_body_400" time="0.541" /><testcase classname="backend.tests.test_interim_phase3_validations.TestRejectTimesheetReason" name="test_reject_valid_reason_200_and_persists" time="0.702" /><testcase classname="backend.tests.test_interim_phase3_validations.TestRejectTimesheetReason" name="test_reject_already_rejected_400" time="0.725" /></testsuite></testsuites>