<?xml version="1.0" encoding="utf-8"?><testsuites name="pytest tests"><testsuite name="pytest" errors="0" failures="1" skipped="0" tests="7" time="3.271" timestamp="2026-02-04T20:14:52.215629+00:00" hostname="agent-env-672feb56-e961-42c6-ad7a-d2e9d1dfdc61"><testcase classname="backend.tests.test_admin_provider_delete.TestAdminLogin" name="test_admin_login_success" time="0.087"><failure message="AssertionError: Admin info not in response&#10;assert 'admin' in {'token': 'eyJhbGciOiJIUzI1NiIsInR5cCI6IkpXVCJ9.eyJ1c2VyX2lkIjoic2VydmlzcHJvQHNlcnZpc3Byb2duLmNvbSIsImV4cCI6MTc3MDMyMjQ5Mn0.nIxF7w6itsiU9mZW1lDRtcEcEltpgRLgGNzYc6xEFuE', 'user': {'id': 'servispro@servisprogn.com', 'role': 'super-admin', 'username': 'servispro@servisprogn.com'}}">backend/tests/test_admin_provider_delete.py:35: in test_admin_login_success
    assert "admin" in data, "Admin info not in response"
E   AssertionError: Admin info not in response
E   assert 'admin' in {'token': 'eyJhbGciOiJIUzI1NiIsInR5cCI6IkpXVCJ9.eyJ1c2VyX2lkIjoic2VydmlzcHJvQHNlcnZpc3Byb2duLmNvbSIsImV4cCI6MTc3MDMyMjQ5Mn0.nIxF7w6itsiU9mZW1lDRtcEcEltpgRLgGNzYc6xEFuE', 'user': {'id': 'servispro@servisprogn.com', 'role': 'super-admin', 'username': 'servispro@servisprogn.com'}}</failure></testcase><testcase classname="backend.tests.test_admin_provider_delete.TestProviderListAdmin" name="test_get_providers_list" time="0.096" /><testcase classname="backend.tests.test_admin_provider_delete.TestProviderRegistrationWithDocuments" name="test_register_provider_with_pdf_document" time="0.799" /><testcase classname="backend.tests.test_admin_provider_delete.TestProviderRegistrationWithDocuments" name="test_register_provider_without_document_fails" time="0.046" /><testcase classname="backend.tests.test_admin_provider_delete.TestAdminDeleteProvider" name="test_delete_provider_success" time="1.012" /><testcase classname="backend.tests.test_admin_provider_delete.TestAdminDeleteProvider" name="test_delete_nonexistent_provider_returns_404" time="0.094" /><testcase classname="backend.tests.test_admin_provider_delete.TestCloudinaryCleanup" name="test_cloudinary_cleanup_on_delete" time="1.025" /></testsuite></testsuites>