<?xml version="1.0" encoding="utf-8"?><testsuites name="pytest tests"><testsuite name="pytest" errors="0" failures="0" skipped="0" tests="19" time="5.941" timestamp="2026-03-31T18:55:31.848983+00:00" hostname="agent-env-88b03404-58f2-4c94-80f9-9939fdfb78fb"><testcase classname="backend.tests.test_admin_products.TestAdminLogin" name="test_admin_login_success" time="0.729" /><testcase classname="backend.tests.test_admin_products.TestAdminLogin" name="test_admin_login_invalid_credentials" time="0.209" /><testcase classname="backend.tests.test_admin_products.TestAdminGetCompanyProducts" name="test_get_company_products_success" time="0.372" /><testcase classname="backend.tests.test_admin_products.TestAdminGetCompanyProducts" name="test_get_company_products_with_photos" time="0.197" /><testcase classname="backend.tests.test_admin_products.TestAdminGetCompanyProducts" name="test_get_company_products_nonexistent_company" time="0.181" /><testcase classname="backend.tests.test_admin_products.TestAdminGetCompanyProducts" name="test_get_company_products_without_auth" time="0.114" /><testcase classname="backend.tests.test_admin_products.TestAdminUpdateProduct" name="test_update_product_name" time="0.631" /><testcase classname="backend.tests.test_admin_products.TestAdminUpdateProduct" name="test_update_product_price" time="0.686" /><testcase classname="backend.tests.test_admin_products.TestAdminUpdateProduct" name="test_update_product_availability" time="0.616" /><testcase classname="backend.tests.test_admin_products.TestAdminUpdateProduct" name="test_update_nonexistent_product" time="0.137" /><testcase classname="backend.tests.test_admin_products.TestAdminUpdateProduct" name="test_update_product_without_auth" time="0.114" /><testcase classname="backend.tests.test_admin_products.TestAdminDeleteProduct" name="test_delete_nonexistent_product" time="0.138" /><testcase classname="backend.tests.test_admin_products.TestAdminDeleteProduct" name="test_delete_product_without_auth" time="0.134" /><testcase classname="backend.tests.test_admin_products.TestAdminDeleteProductPhoto" name="test_delete_photo_invalid_index" time="0.426" /><testcase classname="backend.tests.test_admin_products.TestAdminDeleteProductPhoto" name="test_delete_photo_nonexistent_product" time="0.158" /><testcase classname="backend.tests.test_admin_products.TestAdminDeleteProductPhoto" name="test_delete_photo_without_auth" time="0.118" /><testcase classname="backend.tests.test_admin_products.TestAdminProductDataIntegrity" name="test_product_response_structure" time="0.184" /><testcase classname="backend.tests.test_admin_products.TestAdminProductDataIntegrity" name="test_product_photos_are_array" time="0.226" /><testcase classname="backend.tests.test_admin_products.TestAdminProductDataIntegrity" name="test_update_returns_updated_product" time="0.430" /></testsuite></testsuites>