<?xml version="1.0" encoding="utf-8"?><testsuites name="pytest tests"><testsuite name="pytest" errors="0" failures="2" skipped="0" tests="13" time="3.486" timestamp="2026-01-24T11:10:51.692961+00:00" hostname="agent-env-e0c75bc4-e2ba-4c55-9d54-687d547ebf32"><testcase classname="tests.test_forgot_password_and_categories.TestForgotPasswordAPI" name="test_forgot_password_provider_nonexistent_phone" time="0.085" /><testcase classname="tests.test_forgot_password_and_categories.TestForgotPasswordAPI" name="test_forgot_password_customer_nonexistent_phone" time="0.041" /><testcase classname="tests.test_forgot_password_and_categories.TestForgotPasswordAPI" name="test_reset_password_without_otp_request" time="0.039" /><testcase classname="tests.test_forgot_password_and_categories.TestForgotPasswordAPI" name="test_forgot_password_invalid_user_type" time="0.052" /><testcase classname="tests.test_forgot_password_and_categories.TestForgotPasswordE2EFlow" name="test_provider_forgot_password_flow" time="0.856" /><testcase classname="tests.test_forgot_password_and_categories.TestForgotPasswordE2EFlow" name="test_customer_forgot_password_flow" time="0.866" /><testcase classname="tests.test_forgot_password_and_categories.TestForgotPasswordE2EFlow" name="test_reset_password_wrong_otp" time="0.078" /><testcase classname="tests.test_forgot_password_and_categories.TestCategoryRemoval" name="test_provider_registration_with_removed_category" time="0.269"><failure message="AssertionError: Expected 422 for removed category 'Logisticien', got 200: {&quot;token&quot;:&quot;eyJhbGciOiJIUzI1NiIsInR5cCI6IkpXVCJ9.eyJ1c2VyX2lkIjoiNTcxNDdhYjItY2NkOC00OTQyLTlhY2ItZTQyZTdmODJmZTRkIiwiZXhwIjoxNzY5MzM5NDU0fQ.X6inuaQrXAXUynqK7SRdVwouLvBb8ufJbhJtey_Ns3M&quot;,&quot;user&quot;:{&quot;id&quot;:&quot;57147ab2-ccd8-4942-9acb-e42e7f82fe4d&quot;,&quot;first_name&quot;:&quot;TEST_Category&quot;,&quot;last_name&quot;:&quot;Test&quot;,&quot;phone_number&quot;:&quot;628e120c89&quot;,&quot;profession&quot;:&quot;Logisticien&quot;,&quot;about_me&quot;:&quot;&quot;,&quot;profile_picture&quot;:null,&quot;id_verification_picture&quot;:null,&quot;online_status&quot;:false,&quot;verification_status&quot;:&quot;pending&quot;,&quot;price&quot;:null,&quot;investigation_fee&quot;:null,&quot;created_at&quot;:&quot;2026-01-24T11:10:54.105334+00:00&quot;}}&#10;assert 200 == 422&#10; +  where 200 = &lt;Response [200]&gt;.status_code">tests/test_forgot_password_and_categories.py:257: in test_provider_registration_with_removed_category
    assert response.status_code == 422, f"Expected 422 for removed category '{category}', got {response.status_code}: {response.text}"
E   AssertionError: Expected 422 for removed category 'Logisticien', got 200: {"token":"eyJhbGciOiJIUzI1NiIsInR5cCI6IkpXVCJ9.eyJ1c2VyX2lkIjoiNTcxNDdhYjItY2NkOC00OTQyLTlhY2ItZTQyZTdmODJmZTRkIiwiZXhwIjoxNzY5MzM5NDU0fQ.X6inuaQrXAXUynqK7SRdVwouLvBb8ufJbhJtey_Ns3M","user":{"id":"57147ab2-ccd8-4942-9acb-e42e7f82fe4d","first_name":"TEST_Category","last_name":"Test","phone_number":"628e120c89","profession":"Logisticien","about_me":"","profile_picture":null,"id_verification_picture":null,"online_status":false,"verification_status":"pending","price":null,"investigation_fee":null,"created_at":"2026-01-24T11:10:54.105334+00:00"}}
E   assert 200 == 422
E    +  where 200 = &lt;Response [200]&gt;.status_code</failure></testcase><testcase classname="tests.test_forgot_password_and_categories.TestCategoryRemoval" name="test_provider_registration_with_valid_category" time="0.806" /><testcase classname="tests.test_forgot_password_and_categories.TestCategoryRemoval" name="test_providers_list_no_removed_categories" time="0.036"><failure message="AssertionError: Found removed category 'Camionneur' in providers list&#10;assert 'Camionneur' not in ['Logisticien', 'Camionneur', 'Tracteur', 'Voiture']">tests/test_forgot_password_and_categories.py:283: in test_providers_list_no_removed_categories
    assert profession not in REMOVED_CATEGORIES, f"Found removed category '{profession}' in providers list"
E   AssertionError: Found removed category 'Camionneur' in providers list
E   assert 'Camionneur' not in ['Logisticien', 'Camionneur', 'Tracteur', 'Voiture']</failure></testcase><testcase classname="tests.test_forgot_password_and_categories.TestForgotPasswordEndpointValidation" name="test_forgot_password_missing_phone" time="0.048" /><testcase classname="tests.test_forgot_password_and_categories.TestForgotPasswordEndpointValidation" name="test_forgot_password_missing_user_type" time="0.042" /><testcase classname="tests.test_forgot_password_and_categories.TestForgotPasswordEndpointValidation" name="test_reset_password_missing_fields" time="0.093" /></testsuite></testsuites>