<?xml version="1.0" encoding="utf-8"?><testsuites name="pytest tests"><testsuite name="pytest" errors="0" failures="0" skipped="0" tests="8" time="3.178" timestamp="2026-03-15T02:17:54.026418+00:00" hostname="agent-env-eb92fd44-ae51-449d-81a8-9193cc03b549"><testcase classname="backend.tests.test_real_estate_fees.TestAdminSettings" name="test_get_admin_settings_returns_fee_fields" time="0.161" /><testcase classname="backend.tests.test_real_estate_fees.TestAgentListingInfo" name="test_agent_listing_info_returns_correct_structure" time="0.494" /><testcase classname="backend.tests.test_real_estate_fees.TestAgentListingInfo" name="test_agent_listing_info_correct_data_types" time="0.486" /><testcase classname="backend.tests.test_real_estate_fees.TestAgentListingInfo" name="test_agent_listing_info_free_listings_calculation" time="0.464" /><testcase classname="backend.tests.test_real_estate_fees.TestAgentListingInfo" name="test_agent_listing_info_matches_admin_settings" time="0.584" /><testcase classname="backend.tests.test_real_estate_fees.TestAgentListingInfo" name="test_agent_listing_info_nonexistent_provider" time="0.117" /><testcase classname="backend.tests.test_real_estate_fees.TestRealEstateAgentAuth" name="test_real_estate_agent_login" time="0.337" /><testcase classname="backend.tests.test_real_estate_fees.TestRealEstateAgentAuth" name="test_real_estate_agent_profile" time="0.455" /></testsuite></testsuites>