<?xml version="1.0" encoding="utf-8"?><testsuites name="pytest tests"><testsuite name="pytest" errors="0" failures="0" skipped="0" tests="20" time="10.612" timestamp="2026-04-12T14:13:13.931375+00:00" hostname="agent-env-88b03404-58f2-4c94-80f9-9939fdfb78fb"><testcase classname="backend.tests.test_refactored_apis.TestPublicEndpoints" name="test_get_providers" time="0.902" /><testcase classname="backend.tests.test_refactored_apis.TestPublicEndpoints" name="test_get_rentals" time="0.139" /><testcase classname="backend.tests.test_refactored_apis.TestPublicEndpoints" name="test_get_marketplace_products" time="0.239" /><testcase classname="backend.tests.test_refactored_apis.TestPublicEndpoints" name="test_get_companies" time="0.155" /><testcase classname="backend.tests.test_refactored_apis.TestPublicEndpoints" name="test_get_service_fees" time="0.134" /><testcase classname="backend.tests.test_refactored_apis.TestAdminAuthentication" name="test_admin_login_success" time="0.148" /><testcase classname="backend.tests.test_refactored_apis.TestAdminAuthentication" name="test_admin_login_invalid_credentials" time="0.182" /><testcase classname="backend.tests.test_refactored_apis.TestAdminAuthentication" name="test_admin_stats" time="0.663" /><testcase classname="backend.tests.test_refactored_apis.TestAdminAuthentication" name="test_admin_settings" time="0.355" /><testcase classname="backend.tests.test_refactored_apis.TestAdminAuthentication" name="test_admin_all_products" time="3.480" /><testcase classname="backend.tests.test_refactored_apis.TestAdminAuthentication" name="test_admin_providers" time="0.472" /><testcase classname="backend.tests.test_refactored_apis.TestAdminAuthentication" name="test_admin_companies" time="1.269" /><testcase classname="backend.tests.test_refactored_apis.TestAdminAuthentication" name="test_admin_rentals" time="0.288" /><testcase classname="backend.tests.test_refactored_apis.TestAdminAuthentication" name="test_admin_customers" time="0.308" /><testcase classname="backend.tests.test_refactored_apis.TestAdminAuthentication" name="test_admin_jobs" time="0.349" /><testcase classname="backend.tests.test_refactored_apis.TestAdminAuthentication" name="test_admin_service_fees" time="0.308" /><testcase classname="backend.tests.test_refactored_apis.TestAdminAuthentication" name="test_admin_feedbacks" time="0.279" /><testcase classname="backend.tests.test_refactored_apis.TestMarketplaceEndpoints" name="test_get_marketplace_shops" time="0.558" /><testcase classname="backend.tests.test_refactored_apis.TestMarketplaceEndpoints" name="test_get_product_categories" time="0.147" /><testcase classname="backend.tests.test_refactored_apis.TestJobOffersEndpoints" name="test_get_job_offers" time="0.144" /></testsuite></testsuites>