<?xml version="1.0" encoding="utf-8"?><testsuites name="pytest tests"><testsuite name="pytest" errors="0" failures="0" skipped="0" tests="7" time="4.222" timestamp="2026-02-04T20:15:10.180856+00:00" hostname="agent-env-672feb56-e961-42c6-ad7a-d2e9d1dfdc61"><testcase classname="backend.tests.test_admin_provider_delete.TestAdminLogin" name="test_admin_login_success" time="0.068" /><testcase classname="backend.tests.test_admin_provider_delete.TestProviderListAdmin" name="test_get_providers_list" time="0.084" /><testcase classname="backend.tests.test_admin_provider_delete.TestProviderRegistrationWithDocuments" name="test_register_provider_with_pdf_document" time="1.043" /><testcase classname="backend.tests.test_admin_provider_delete.TestProviderRegistrationWithDocuments" name="test_register_provider_without_document_fails" time="0.045" /><testcase classname="backend.tests.test_admin_provider_delete.TestAdminDeleteProvider" name="test_delete_provider_success" time="1.839" /><testcase classname="backend.tests.test_admin_provider_delete.TestAdminDeleteProvider" name="test_delete_nonexistent_provider_returns_404" time="0.081" /><testcase classname="backend.tests.test_admin_provider_delete.TestCloudinaryCleanup" name="test_cloudinary_cleanup_on_delete" time="1.000" /></testsuite></testsuites>