<?xml version="1.0" encoding="utf-8"?><testsuites name="pytest tests"><testsuite name="pytest" errors="0" failures="0" skipped="0" tests="13" time="2.790" timestamp="2026-03-21T19:34:46.849069+00:00" hostname="agent-env-88b03404-58f2-4c94-80f9-9939fdfb78fb"><testcase classname="backend.tests.test_product_reviews.TestProductReviews" name="test_get_reviews_empty_array" time="0.230" /><testcase classname="backend.tests.test_product_reviews.TestProductReviews" name="test_create_review_requires_auth" time="0.055" /><testcase classname="backend.tests.test_product_reviews.TestProductReviews" name="test_create_review_with_invalid_token" time="0.052" /><testcase classname="backend.tests.test_product_reviews.TestProductReviews" name="test_create_review_with_valid_customer" time="0.338" /><testcase classname="backend.tests.test_product_reviews.TestProductReviews" name="test_create_review_prevents_duplicate" time="0.109" /><testcase classname="backend.tests.test_product_reviews.TestProductReviews" name="test_create_review_validates_rating" time="0.155" /><testcase classname="backend.tests.test_product_reviews.TestCompanyLogin" name="test_company_login_with_phone_number" time="0.609" /><testcase classname="backend.tests.test_product_reviews.TestCompanyLogin" name="test_company_login_wrong_credentials" time="0.052" /><testcase classname="backend.tests.test_product_reviews.TestCompanyShopReviews" name="test_company_shop_reviews_requires_auth" time="0.137" /><testcase classname="backend.tests.test_product_reviews.TestCompanyShopReviews" name="test_company_shop_reviews_with_auth" time="0.329" /><testcase classname="backend.tests.test_product_reviews.TestProviderShopReviews" name="test_provider_shop_reviews_requires_auth" time="0.120" /><testcase classname="backend.tests.test_product_reviews.TestProviderShopReviews" name="test_provider_shop_reviews_with_auth" time="0.343" /><testcase classname="backend.tests.test_product_reviews.TestProductDetailReviews" name="test_product_detail_includes_rating_info" time="0.202" /></testsuite></testsuites>