<?xml version="1.0" encoding="utf-8"?><testsuites name="pytest tests"><testsuite name="pytest" errors="0" failures="0" skipped="0" tests="28" time="10.519" timestamp="2026-05-24T23:14:35.686838+00:00" hostname="agent-env-88b03404-58f2-4c94-80f9-9939fdfb78fb"><testcase classname="backend.tests.test_interim.TestAdminSettings" name="test_get_settings_requires_admin" time="0.131" /><testcase classname="backend.tests.test_interim.TestAdminSettings" name="test_get_settings_ok" time="0.645" /><testcase classname="backend.tests.test_interim.TestAdminSettings" name="test_reset_commission_to_10" time="0.181" /><testcase classname="backend.tests.test_interim.TestAdminSettings" name="test_payment_methods_crud" time="0.172" /><testcase classname="backend.tests.test_interim.TestAdminSettings" name="test_invalid_commission_percent" time="0.119" /><testcase classname="backend.tests.test_interim.TestMissionLifecycle10" name="test_company_creates_mission" time="0.577" /><testcase classname="backend.tests.test_interim.TestMissionLifecycle10" name="test_mine_endpoint_company" time="0.185" /><testcase classname="backend.tests.test_interim.TestMissionLifecycle10" name="test_public_open_missions_visible_to_provider" time="1.110" /><testcase classname="backend.tests.test_interim.TestMissionLifecycle10" name="test_provider_applies" time="0.385" /><testcase classname="backend.tests.test_interim.TestMissionLifecycle10" name="test_duplicate_apply_rejected" time="0.267" /><testcase classname="backend.tests.test_interim.TestMissionLifecycle10" name="test_applications_mine" time="0.179" /><testcase classname="backend.tests.test_interim.TestMissionLifecycle10" name="test_company_lists_mission_apps" time="0.199" /><testcase classname="backend.tests.test_interim.TestMissionLifecycle10" name="test_accept_application_auto_closes_mission" time="0.421" /><testcase classname="backend.tests.test_interim.TestMissionLifecycle10" name="test_complete_mission_generates_commission_10pct" time="0.361" /><testcase classname="backend.tests.test_interim.TestMissionLifecycle10" name="test_complete_again_fails" time="0.182" /><testcase classname="backend.tests.test_interim.TestMissionLifecycle10" name="test_provider_commissions_mine" time="0.194" /><testcase classname="backend.tests.test_interim.TestMissionLifecycle10" name="test_provider_now_suspended_cannot_apply" time="0.317" /><testcase classname="backend.tests.test_interim.TestMissionLifecycle10" name="test_submit_payment_invalid_method" time="0.141" /><testcase classname="backend.tests.test_interim.TestMissionLifecycle10" name="test_submit_payment_missing_reference" time="0.149" /><testcase classname="backend.tests.test_interim.TestMissionLifecycle10" name="test_submit_payment_ok" time="0.206" /><testcase classname="backend.tests.test_interim.TestMissionLifecycle10" name="test_admin_lists_submitted" time="0.297" /><testcase classname="backend.tests.test_interim.TestMissionLifecycle10" name="test_admin_validate_unsuspends_provider" time="0.252" /><testcase classname="backend.tests.test_interim.TestMissionLifecycle10" name="test_validate_already_validated_fails" time="0.143" /><testcase classname="backend.tests.test_interim.TestMissionLifecycle10" name="test_provider_can_reapply_after_unsuspend" time="0.331" /><testcase classname="backend.tests.test_interim.TestCommission15PercentAndReject" name="test_update_commission_to_15" time="0.175" /><testcase classname="backend.tests.test_interim.TestCommission15PercentAndReject" name="test_full_flow_with_reject_and_resubmit" time="2.640" /><testcase classname="backend.tests.test_interim.TestAccessControl" name="test_create_mission_requires_company" time="0.143" /><testcase classname="backend.tests.test_interim.TestAccessControl" name="test_admin_settings_requires_admin" time="0.328" /></testsuite></testsuites>