<?xml version="1.0" encoding="utf-8"?><testsuites name="pytest tests"><testsuite name="pytest" errors="0" failures="0" skipped="0" tests="20" time="5.073" timestamp="2026-01-11T02:09:10.641194+00:00" hostname="agent-env-6b10a0bc-75e8-468f-9dd6-28c93cb9ed56"><testcase classname="tests.test_property_sales_rentals.TestAgentImmobilierAuth" name="test_agent_login" time="0.338" /><testcase classname="tests.test_property_sales_rentals.TestPropertySalesCRUD" name="test_get_all_property_sales" time="0.049" /><testcase classname="tests.test_property_sales_rentals.TestPropertySalesCRUD" name="test_get_property_sales_with_filters" time="0.083" /><testcase classname="tests.test_property_sales_rentals.TestPropertySalesCRUD" name="test_create_property_sale" time="0.302" /><testcase classname="tests.test_property_sales_rentals.TestPropertySalesCRUD" name="test_get_my_property_sales" time="0.309" /><testcase classname="tests.test_property_sales_rentals.TestPropertySaleDocuments" name="test_upload_titre_foncier" time="0.348" /><testcase classname="tests.test_property_sales_rentals.TestPropertySaleDocuments" name="test_upload_seller_id_document" time="0.373" /><testcase classname="tests.test_property_sales_rentals.TestPropertySaleDocuments" name="test_upload_registration_ministere" time="0.356" /><testcase classname="tests.test_property_sales_rentals.TestPropertySaleDocuments" name="test_upload_additional_documents" time="0.340" /><testcase classname="tests.test_property_sales_rentals.TestPropertySaleDocuments" name="test_verify_documents_in_sale" time="0.384" /><testcase classname="tests.test_property_sales_rentals.TestRentalDocuments" name="test_upload_rental_titre_foncier" time="0.437" /><testcase classname="tests.test_property_sales_rentals.TestRentalDocuments" name="test_upload_rental_seller_id" time="0.335" /><testcase classname="tests.test_property_sales_rentals.TestRentalDocuments" name="test_verify_rental_documents" time="0.380" /><testcase classname="tests.test_property_sales_rentals.TestAdminDashboard" name="test_admin_login" time="0.034" /><testcase classname="tests.test_property_sales_rentals.TestAdminDashboard" name="test_admin_get_rentals" time="0.039" /><testcase classname="tests.test_property_sales_rentals.TestAdminDashboard" name="test_admin_get_property_sales" time="0.045" /><testcase classname="tests.test_property_sales_rentals.TestAdminDashboard" name="test_admin_get_agents_immobilier" time="0.061" /><testcase classname="tests.test_property_sales_rentals.TestAdminDashboard" name="test_admin_stats" time="0.044" /><testcase classname="tests.test_property_sales_rentals.TestRentalListingForm" name="test_create_rental_step1" time="0.299" /><testcase classname="tests.test_property_sales_rentals.TestRentalListingForm" name="test_create_short_term_rental" time="0.299" /></testsuite></testsuites>