<?xml version="1.0" encoding="utf-8"?><testsuites name="pytest tests"><testsuite name="pytest" errors="0" failures="0" skipped="0" tests="12" time="1.007" timestamp="2026-01-11T05:06:32.328009+00:00" hostname="agent-env-463f2721-53a8-4eb9-b307-e0b795c70149"><testcase classname="tests.test_real_estate_company.TestRealEstateCompanyLogin" name="test_login_immo_company_success" time="0.290" /><testcase classname="tests.test_real_estate_company.TestRealEstateCompanyLogin" name="test_login_construction_company_success" time="0.262" /><testcase classname="tests.test_real_estate_company.TestCompanyRentalsAPI" name="test_create_rental_immo_company" time="0.041" /><testcase classname="tests.test_real_estate_company.TestCompanyRentalsAPI" name="test_get_my_rentals_immo_company" time="0.035" /><testcase classname="tests.test_real_estate_company.TestCompanyRentalsAPI" name="test_create_rental_non_immo_company_fails" time="0.039" /><testcase classname="tests.test_real_estate_company.TestCompanyPropertySalesAPI" name="test_create_property_sale_immo_company" time="0.040" /><testcase classname="tests.test_real_estate_company.TestCompanyPropertySalesAPI" name="test_get_my_property_sales_immo_company" time="0.041" /><testcase classname="tests.test_real_estate_company.TestCompanyPropertySalesAPI" name="test_create_property_sale_non_immo_company_fails" time="0.042" /><testcase classname="tests.test_real_estate_company.TestPublicRentalsAndSales" name="test_get_all_rentals_public" time="0.038" /><testcase classname="tests.test_real_estate_company.TestPublicRentalsAndSales" name="test_get_all_property_sales_public" time="0.039" /><testcase classname="tests.test_real_estate_company.TestCleanup" name="test_delete_test_rental" time="0.036" /><testcase classname="tests.test_real_estate_company.TestCleanup" name="test_delete_test_sale" time="0.036" /></testsuite></testsuites>