<?xml version="1.0" encoding="utf-8"?><testsuites name="pytest tests"><testsuite name="pytest" errors="0" failures="0" skipped="0" tests="24" time="2.611" timestamp="2026-01-11T02:46:44.345693+00:00" hostname="agent-env-6b10a0bc-75e8-468f-9dd6-28c93cb9ed56"><testcase classname="tests.test_company_features.TestCompanyRegistration" name="test_register_company_success" time="0.286" /><testcase classname="tests.test_company_features.TestCompanyRegistration" name="test_register_duplicate_rccm_fails" time="0.041" /><testcase classname="tests.test_company_features.TestCompanyLogin" name="test_login_company_success" time="0.299" /><testcase classname="tests.test_company_features.TestCompanyLogin" name="test_login_invalid_credentials" time="0.083" /><testcase classname="tests.test_company_features.TestCompanyProfile" name="test_get_company_profile" time="0.043" /><testcase classname="tests.test_company_features.TestCompanyProfile" name="test_update_company_profile" time="0.119" /><testcase classname="tests.test_company_features.TestCompanyDocuments" name="test_upload_licence_exploitation" time="0.042" /><testcase classname="tests.test_company_features.TestCompanyDocuments" name="test_upload_rccm_document" time="0.061" /><testcase classname="tests.test_company_features.TestCompanyDocuments" name="test_upload_nif_document" time="0.038" /><testcase classname="tests.test_company_features.TestCompanyDocuments" name="test_upload_attestation_fiscale" time="0.043" /><testcase classname="tests.test_company_features.TestCompanyDocuments" name="test_upload_company_logo" time="0.040" /><testcase classname="tests.test_company_features.TestCompanyDocuments" name="test_verify_documents_in_profile" time="0.039" /><testcase classname="tests.test_company_features.TestCompanyServicesRestriction" name="test_pending_company_cannot_create_service" time="0.126" /><testcase classname="tests.test_company_features.TestCompanyServicesRestriction" name="test_pending_company_cannot_create_job_offer" time="0.046" /><testcase classname="tests.test_company_features.TestAdminCompanyManagement" name="test_admin_get_all_companies" time="0.043" /><testcase classname="tests.test_company_features.TestAdminCompanyManagement" name="test_admin_approve_company" time="0.118" /><testcase classname="tests.test_company_features.TestAdminCompanyManagement" name="test_approved_company_can_create_service" time="0.040" /><testcase classname="tests.test_company_features.TestAdminCompanyManagement" name="test_approved_company_can_create_job_offer" time="0.081" /><testcase classname="tests.test_company_features.TestAdminCompanyManagement" name="test_admin_reject_company" time="0.426" /><testcase classname="tests.test_company_features.TestAdminCompanyManagement" name="test_admin_delete_company" time="0.375" /><testcase classname="tests.test_company_features.TestAdminStats" name="test_admin_stats_include_companies" time="0.043" /><testcase classname="tests.test_company_features.TestPublicCompanyEndpoints" name="test_get_approved_companies_public" time="0.038" /><testcase classname="tests.test_company_features.TestPublicCompanyEndpoints" name="test_get_company_by_id_public" time="0.038" /><testcase classname="tests.test_company_features.TestCleanup" name="test_cleanup_test_company" time="0.043" /></testsuite></testsuites>