<?xml version="1.0" encoding="utf-8"?><testsuites name="pytest tests"><testsuite name="pytest" errors="0" failures="0" skipped="0" tests="15" time="1.140" timestamp="2026-01-19T04:39:16.747157+00:00" hostname="agent-env-c7c797dd-f3e2-4734-96ce-dafa5eb1c608"><testcase classname="tests.test_property_sales_inquiries.TestPropertySalesPublicAPI" name="test_get_approved_property_sales" time="0.104" /><testcase classname="tests.test_property_sales_inquiries.TestPropertySalesPublicAPI" name="test_get_property_sale_by_id" time="0.086" /><testcase classname="tests.test_property_sales_inquiries.TestAdminPropertySalesManagement" name="test_admin_get_all_property_sales" time="0.040" /><testcase classname="tests.test_property_sales_inquiries.TestAdminPropertySalesManagement" name="test_admin_get_pending_property_sales" time="0.037" /><testcase classname="tests.test_property_sales_inquiries.TestAdminPropertySalesManagement" name="test_admin_approve_property_sale" time="0.079" /><testcase classname="tests.test_property_sales_inquiries.TestAdminPropertySalesManagement" name="test_admin_reject_property_sale" time="0.045" /><testcase classname="tests.test_property_sales_inquiries.TestAdminPropertySalesManagement" name="test_admin_mark_property_sold" time="0.054" /><testcase classname="tests.test_property_sales_inquiries.TestPropertyInquiries" name="test_create_property_inquiry" time="0.090" /><testcase classname="tests.test_property_sales_inquiries.TestPropertyInquiries" name="test_create_property_inquiry_minimal" time="0.047" /><testcase classname="tests.test_property_sales_inquiries.TestPropertyInquiries" name="test_create_property_inquiry_invalid_sale" time="0.038" /><testcase classname="tests.test_property_sales_inquiries.TestAdminPropertyInquiries" name="test_admin_get_all_property_inquiries" time="0.040" /><testcase classname="tests.test_property_sales_inquiries.TestAdminPropertyInquiries" name="test_admin_get_pending_property_inquiries" time="0.039" /><testcase classname="tests.test_property_sales_inquiries.TestAdminPropertyInquiries" name="test_admin_update_inquiry_to_contacted" time="0.089" /><testcase classname="tests.test_property_sales_inquiries.TestAdminPropertyInquiries" name="test_admin_update_inquiry_to_completed" time="0.047" /><testcase classname="tests.test_property_sales_inquiries.TestEndToEndPropertyFlow" name="test_full_property_inquiry_flow" time="0.177" /></testsuite></testsuites>