<?xml version="1.0" encoding="utf-8"?><testsuites name="pytest tests"><testsuite name="pytest" errors="0" failures="2" skipped="0" tests="12" time="1.072" timestamp="2026-01-11T05:05:58.651207+00:00" hostname="agent-env-463f2721-53a8-4eb9-b307-e0b795c70149"><testcase classname="tests.test_real_estate_company.TestRealEstateCompanyLogin" name="test_login_immo_company_success" time="0.283" /><testcase classname="tests.test_real_estate_company.TestRealEstateCompanyLogin" name="test_login_construction_company_success" time="0.266" /><testcase classname="tests.test_real_estate_company.TestCompanyRentalsAPI" name="test_create_rental_immo_company" time="0.040" /><testcase classname="tests.test_real_estate_company.TestCompanyRentalsAPI" name="test_get_my_rentals_immo_company" time="0.046" /><testcase classname="tests.test_real_estate_company.TestCompanyRentalsAPI" name="test_create_rental_non_immo_company_fails" time="0.044"><failure message="AssertionError: assert 'immobilier' in 'votre entreprise doit être approuvée pour publier des annonces'&#10; +  where 'votre entreprise doit être approuvée pour publier des annonces' = &lt;built-in method lower of str object at 0xfe5bc4a07990&gt;()&#10; +    where &lt;built-in method lower of str object at 0xfe5bc4a07990&gt; = 'Votre entreprise doit être approuvée pour publier des annonces'.lower&#10; +      where 'Votre entreprise doit être approuvée pour publier des annonces' = &lt;built-in method get of dict object at 0xfe5bc46ed3c0&gt;('detail', '')&#10; +        where &lt;built-in method get of dict object at 0xfe5bc46ed3c0&gt; = {'detail': 'Votre entreprise doit être approuvée pour publier des annonces'}.get&#10; +          where {'detail': 'Votre entreprise doit être approuvée pour publier des annonces'} = json()&#10; +            where json = &lt;Response [403]&gt;.json">tests/test_real_estate_company.py:148: in test_create_rental_non_immo_company_fails
    assert "immobilier" in response.json().get("detail", "").lower()
E   AssertionError: assert 'immobilier' in 'votre entreprise doit être approuvée pour publier des annonces'
E    +  where 'votre entreprise doit être approuvée pour publier des annonces' = &lt;built-in method lower of str object at 0xfe5bc4a07990&gt;()
E    +    where &lt;built-in method lower of str object at 0xfe5bc4a07990&gt; = 'Votre entreprise doit être approuvée pour publier des annonces'.lower
E    +      where 'Votre entreprise doit être approuvée pour publier des annonces' = &lt;built-in method get of dict object at 0xfe5bc46ed3c0&gt;('detail', '')
E    +        where &lt;built-in method get of dict object at 0xfe5bc46ed3c0&gt; = {'detail': 'Votre entreprise doit être approuvée pour publier des annonces'}.get
E    +          where {'detail': 'Votre entreprise doit être approuvée pour publier des annonces'} = json()
E    +            where json = &lt;Response [403]&gt;.json</failure></testcase><testcase classname="tests.test_real_estate_company.TestCompanyPropertySalesAPI" name="test_create_property_sale_immo_company" time="0.038" /><testcase classname="tests.test_real_estate_company.TestCompanyPropertySalesAPI" name="test_get_my_property_sales_immo_company" time="0.042" /><testcase classname="tests.test_real_estate_company.TestCompanyPropertySalesAPI" name="test_create_property_sale_non_immo_company_fails" time="0.036"><failure message="AssertionError: assert 'immobilier' in 'votre entreprise doit être approuvée pour publier des ventes'&#10; +  where 'votre entreprise doit être approuvée pour publier des ventes' = &lt;built-in method lower of str object at 0xfe5bc4b51b30&gt;()&#10; +    where &lt;built-in method lower of str object at 0xfe5bc4b51b30&gt; = 'Votre entreprise doit être approuvée pour publier des ventes'.lower&#10; +      where 'Votre entreprise doit être approuvée pour publier des ventes' = &lt;built-in method get of dict object at 0xfe5bc458b240&gt;('detail', '')&#10; +        where &lt;built-in method get of dict object at 0xfe5bc458b240&gt; = {'detail': 'Votre entreprise doit être approuvée pour publier des ventes'}.get&#10; +          where {'detail': 'Votre entreprise doit être approuvée pour publier des ventes'} = json()&#10; +            where json = &lt;Response [403]&gt;.json">tests/test_real_estate_company.py:229: in test_create_property_sale_non_immo_company_fails
    assert "immobilier" in response.json().get("detail", "").lower()
E   AssertionError: assert 'immobilier' in 'votre entreprise doit être approuvée pour publier des ventes'
E    +  where 'votre entreprise doit être approuvée pour publier des ventes' = &lt;built-in method lower of str object at 0xfe5bc4b51b30&gt;()
E    +    where &lt;built-in method lower of str object at 0xfe5bc4b51b30&gt; = 'Votre entreprise doit être approuvée pour publier des ventes'.lower
E    +      where 'Votre entreprise doit être approuvée pour publier des ventes' = &lt;built-in method get of dict object at 0xfe5bc458b240&gt;('detail', '')
E    +        where &lt;built-in method get of dict object at 0xfe5bc458b240&gt; = {'detail': 'Votre entreprise doit être approuvée pour publier des ventes'}.get
E    +          where {'detail': 'Votre entreprise doit être approuvée pour publier des ventes'} = json()
E    +            where json = &lt;Response [403]&gt;.json</failure></testcase><testcase classname="tests.test_real_estate_company.TestPublicRentalsAndSales" name="test_get_all_rentals_public" time="0.040" /><testcase classname="tests.test_real_estate_company.TestPublicRentalsAndSales" name="test_get_all_property_sales_public" time="0.039" /><testcase classname="tests.test_real_estate_company.TestCleanup" name="test_delete_test_rental" time="0.050" /><testcase classname="tests.test_real_estate_company.TestCleanup" name="test_delete_test_sale" time="0.048" /></testsuite></testsuites>