<?xml version="1.0" encoding="utf-8"?><testsuites name="pytest tests"><testsuite name="pytest" errors="0" failures="0" skipped="5" tests="23" time="1.757" timestamp="2026-03-19T02:56:50.473757+00:00" hostname="agent-env-eb92fd44-ae51-449d-81a8-9193cc03b549"><testcase classname="backend.tests.test_marketplace.TestProductCategories" name="test_get_public_product_categories" time="0.179" /><testcase classname="backend.tests.test_marketplace.TestMarketplaceShops" name="test_get_marketplace_shops" time="0.062" /><testcase classname="backend.tests.test_marketplace.TestMarketplaceShops" name="test_get_marketplace_shops_with_search" time="0.070" /><testcase classname="backend.tests.test_marketplace.TestMarketplaceShops" name="test_get_marketplace_shops_with_sector" time="0.056" /><testcase classname="backend.tests.test_marketplace.TestMarketplaceProducts" name="test_get_marketplace_products" time="0.057" /><testcase classname="backend.tests.test_marketplace.TestMarketplaceProducts" name="test_get_marketplace_products_with_search" time="0.062" /><testcase classname="backend.tests.test_marketplace.TestMarketplaceProducts" name="test_get_marketplace_products_with_sort" time="0.053" /><testcase classname="backend.tests.test_marketplace.TestShopCreationAndManagement" name="test_get_my_shop_no_auth" time="0.054" /><testcase classname="backend.tests.test_marketplace.TestShopCreationAndManagement" name="test_get_my_shop_with_auth" time="0.342" /><testcase classname="backend.tests.test_marketplace.TestShopCreationAndManagement" name="test_create_shop" time="0.060"><skipped type="pytest.skip" message="Provider 2 authentication failed: 401 - {&quot;detail&quot;:&quot;Invalid credentials&quot;}">/app/backend/tests/test_marketplace.py:183: Provider 2 authentication failed: 401 - {"detail":"Invalid credentials"}</skipped></testcase><testcase classname="backend.tests.test_marketplace.TestProductCreationAndManagement" name="test_get_my_products_no_auth" time="0.055" /><testcase classname="backend.tests.test_marketplace.TestProductCreationAndManagement" name="test_get_my_products_with_auth" time="0.056" /><testcase classname="backend.tests.test_marketplace.TestProductCreationAndManagement" name="test_create_product_no_shop" time="0.000"><skipped type="pytest.skip" message="Provider 2 authentication failed: 401 - {&quot;detail&quot;:&quot;Invalid credentials&quot;}">/app/backend/tests/test_marketplace.py:235: Provider 2 authentication failed: 401 - {"detail":"Invalid credentials"}</skipped></testcase><testcase classname="backend.tests.test_marketplace.TestShopDetail" name="test_get_shop_detail_not_found" time="0.060" /><testcase classname="backend.tests.test_marketplace.TestShopDetail" name="test_get_shop_detail_with_products" time="0.065"><skipped type="pytest.skip" message="No shops available to test detail">/app/backend/tests/test_marketplace.py:281: No shops available to test detail</skipped></testcase><testcase classname="backend.tests.test_marketplace.TestProductDetail" name="test_get_product_detail_not_found" time="0.068" /><testcase classname="backend.tests.test_marketplace.TestProductDetail" name="test_get_product_detail_with_shop" time="0.053"><skipped type="pytest.skip" message="No products available to test detail">/app/backend/tests/test_marketplace.py:311: No products available to test detail</skipped></testcase><testcase classname="backend.tests.test_marketplace.TestProductMessage" name="test_send_product_message_not_found" time="0.060" /><testcase classname="backend.tests.test_marketplace.TestProductMessage" name="test_send_product_message_success" time="0.055"><skipped type="pytest.skip" message="No products available to test message">/app/backend/tests/test_marketplace.py:353: No products available to test message</skipped></testcase><testcase classname="backend.tests.test_marketplace.TestShopStats" name="test_get_shop_stats_no_auth" time="0.061" /><testcase classname="backend.tests.test_marketplace.TestShopStats" name="test_get_shop_stats_with_auth" time="0.053" /><testcase classname="backend.tests.test_marketplace.TestShopMessages" name="test_get_shop_messages_no_auth" time="0.055" /><testcase classname="backend.tests.test_marketplace.TestShopMessages" name="test_get_shop_messages_with_auth" time="0.063" /></testsuite></testsuites>